<?xml version="1.0" encoding="UTF-8"?>
<testsuite name="kr.co.ifit.IfitApplicationTests" tests="1" skipped="0" failures="0" errors="0" timestamp="2024-10-14T10:45:39" hostname="WINDOWS-F3C5D31" time="0.805">
  <properties/>
  <testcase name="contextLoads()" classname="kr.co.ifit.IfitApplicationTests" time="0.805"/>
  <system-out><![CDATA[19:45:28.659 [Test worker] INFO org.springframework.test.context.support.AnnotationConfigContextLoaderUtils -- Could not detect default configuration classes for test class [kr.co.ifit.IfitApplicationTests]: IfitApplicationTests does not declare any static, non-private, non-final, nested classes annotated with @Configuration.
19:45:28.872 [Test worker] INFO org.springframework.boot.test.context.SpringBootTestContextBootstrapper -- Found @SpringBootConfiguration kr.co.ifit.IfitApplication for test class kr.co.ifit.IfitApplicationTests

  .   ____          _            __ _ _
 /\\ / ___'_ __ _ _(_)_ __  __ _ \ \ \ \
( ( )\___ | '_ | '_| | '_ \/ _` | \ \ \ \
 \\/  ___)| |_)| | | | | || (_| |  ) ) ) )
  '  |____| .__|_| |_|_| |_\__, | / / / /
 =========|_|==============|___/=/_/_/_/
 :: Spring Boot ::                (v3.2.8)

2024-10-14T19:45:29.560+09:00  INFO 15084 --- [ifit] [    Test worker] kr.co.ifit.IfitApplicationTests          : Starting IfitApplicationTests using Java 17.0.11 with PID 15084 (started by WD in C:\Users\WD\Desktop\boot-test\I-Fit\backend)
2024-10-14T19:45:29.563+09:00  INFO 15084 --- [ifit] [    Test worker] kr.co.ifit.IfitApplicationTests          : No active profile set, falling back to 1 default profile: "default"
2024-10-14T19:45:30.921+09:00  INFO 15084 --- [ifit] [    Test worker] .s.d.r.c.RepositoryConfigurationDelegate : Bootstrapping Spring Data JPA repositories in DEFAULT mode.
2024-10-14T19:45:31.104+09:00  INFO 15084 --- [ifit] [    Test worker] .s.d.r.c.RepositoryConfigurationDelegate : Finished Spring Data repository scanning in 166 ms. Found 14 JPA repository interfaces.
2024-10-14T19:45:31.997+09:00  INFO 15084 --- [ifit] [    Test worker] o.hibernate.jpa.internal.util.LogHelper  : HHH000204: Processing PersistenceUnitInfo [name: default]
2024-10-14T19:45:32.114+09:00  INFO 15084 --- [ifit] [    Test worker] org.hibernate.Version                    : HHH000412: Hibernate ORM core version 6.4.9.Final
2024-10-14T19:45:32.184+09:00  INFO 15084 --- [ifit] [    Test worker] o.h.c.internal.RegionFactoryInitiator    : HHH000026: Second-level cache disabled
2024-10-14T19:45:32.705+09:00  INFO 15084 --- [ifit] [    Test worker] o.s.o.j.p.SpringPersistenceUnitInfo      : No LoadTimeWeaver setup: ignoring JPA class transformer
2024-10-14T19:45:32.756+09:00  INFO 15084 --- [ifit] [    Test worker] com.zaxxer.hikari.HikariDataSource       : HikariPool-1 - Starting...
2024-10-14T19:45:33.052+09:00  INFO 15084 --- [ifit] [    Test worker] com.zaxxer.hikari.pool.HikariPool        : HikariPool-1 - Added connection com.mysql.cj.jdbc.ConnectionImpl@6e794f53
2024-10-14T19:45:33.056+09:00  INFO 15084 --- [ifit] [    Test worker] com.zaxxer.hikari.HikariDataSource       : HikariPool-1 - Start completed.
2024-10-14T19:45:33.124+09:00  WARN 15084 --- [ifit] [    Test worker] org.hibernate.orm.deprecation            : HHH90000025: MySQL8Dialect does not need to be specified explicitly using 'hibernate.dialect' (remove the property setting and it will be selected by default)
2024-10-14T19:45:33.126+09:00  WARN 15084 --- [ifit] [    Test worker] org.hibernate.orm.deprecation            : HHH90000026: MySQL8Dialect has been deprecated; use org.hibernate.dialect.MySQLDialect instead
2024-10-14T19:45:34.959+09:00  INFO 15084 --- [ifit] [    Test worker] o.h.e.t.j.p.i.JtaPlatformInitiator       : HHH000489: No JTA platform available (set 'hibernate.transaction.jta.platform' to enable JTA platform integration)
2024-10-14T19:45:35.482+09:00  INFO 15084 --- [ifit] [    Test worker] j.LocalContainerEntityManagerFactoryBean : Initialized JPA EntityManagerFactory for persistence unit 'default'
2024-10-14T19:45:35.892+09:00  INFO 15084 --- [ifit] [    Test worker] o.s.d.j.r.query.QueryEnhancerFactory     : Hibernate is in classpath; If applicable, HQL parser will be used.
2024-10-14T19:45:36.776+09:00  WARN 15084 --- [ifit] [    Test worker] JpaBaseConfiguration$JpaWebConfiguration : spring.jpa.open-in-view is enabled by default. Therefore, database queries may be performed during view rendering. Explicitly configure spring.jpa.open-in-view to disable this warning
2024-10-14T19:45:38.184+09:00  INFO 15084 --- [ifit] [    Test worker] o.s.b.a.w.s.WelcomePageHandlerMapping    : Adding welcome page: class path resource [static/index.html]
2024-10-14T19:45:38.546+09:00  INFO 15084 --- [ifit] [    Test worker] o.s.s.web.DefaultSecurityFilterChain     : Will secure any request with [org.springframework.security.web.session.DisableEncodeUrlFilter@67afb33c, org.springframework.security.web.context.request.async.WebAsyncManagerIntegrationFilter@46a04668, org.springframework.security.web.context.SecurityContextHolderFilter@b54c20e, org.springframework.security.web.header.HeaderWriterFilter@1193caff, org.springframework.web.filter.CorsFilter@3de7a660, org.springframework.security.web.authentication.logout.LogoutFilter@7da21081, kr.co.ifit.common.model.JwtAccessTokenFilter@620ba19c, kr.co.ifit.common.model.JwtRefreshTokenFilter@2d2c794d, org.springframework.security.web.savedrequest.RequestCacheAwareFilter@33c9eb17, org.springframework.security.web.servletapi.SecurityContextHolderAwareRequestFilter@3562b3f, org.springframework.security.web.authentication.AnonymousAuthenticationFilter@5902527f, org.springframework.security.web.session.SessionManagementFilter@1088a4f0, org.springframework.security.web.access.ExceptionTranslationFilter@6691e468, org.springframework.security.web.access.intercept.AuthorizationFilter@2a1177e6]
2024-10-14T19:45:38.884+09:00  WARN 15084 --- [ifit] [    Test worker] ion$DefaultTemplateResolverConfiguration : Cannot find template location: classpath:/templates/ (please add some templates, check your Thymeleaf configuration, or set spring.thymeleaf.check-template-location=false)
2024-10-14T19:45:39.036+09:00  INFO 15084 --- [ifit] [    Test worker] kr.co.ifit.IfitApplicationTests          : Started IfitApplicationTests in 9.889 seconds (process running for 12.379)
]]></system-out>
  <system-err><![CDATA[]]></system-err>
</testsuite>
